{"/Users/dobashihiroki/Projects/to-do_list/server/index.js": {"path":"/Users/dobashihiroki/Projects/to-do_list/server/index.js","statementMap":{"0":{"start":{"line":1,"column":16},"end":{"line":1,"column":34}},"1":{"start":{"line":2,"column":13},"end":{"line":2,"column":28}},"2":{"start":{"line":3,"column":19},"end":{"line":3,"column":41}},"3":{"start":{"line":4,"column":11},"end":{"line":4,"column":24}},"4":{"start":{"line":5,"column":13},"end":{"line":5,"column":28}},"5":{"start":{"line":6,"column":12},"end":{"line":6,"column":35}},"6":{"start":{"line":7,"column":15},"end":{"line":7,"column":34}},"7":{"start":{"line":9,"column":12},"end":{"line":9,"column":21}},"8":{"start":{"line":10,"column":13},"end":{"line":10,"column":37}},"9":{"start":{"line":11,"column":18},"end":{"line":11,"column":52}},"10":{"start":{"line":12,"column":19},"end":{"line":12,"column":53}},"11":{"start":{"line":13,"column":19},"end":{"line":13,"column":57}},"12":{"start":{"line":15,"column":0},"end":{"line":15,"column":16}},"13":{"start":{"line":16,"column":0},"end":{"line":16,"column":27}},"14":{"start":{"line":19,"column":0},"end":{"line":39,"column":3}},"15":{"start":{"line":20,"column":33},"end":{"line":20,"column":41}},"16":{"start":{"line":21,"column":2},"end":{"line":21,"column":89}},"17":{"start":{"line":21,"column":30},"end":{"line":21,"column":89}},"18":{"start":{"line":22,"column":2},"end":{"line":38,"column":5}},"19":{"start":{"line":23,"column":16},"end":{"line":23,"column":18}},"20":{"start":{"line":24,"column":4},"end":{"line":26,"column":5}},"21":{"start":{"line":25,"column":6},"end":{"line":25,"column":48}},"22":{"start":{"line":25,"column":12},"end":{"line":25,"column":37}},"23":{"start":{"line":27,"column":4},"end":{"line":29,"column":5}},"24":{"start":{"line":27,"column":24},"end":{"line":27,"column":47}},"25":{"start":{"line":28,"column":6},"end":{"line":28,"column":63}},"26":{"start":{"line":30,"column":19},"end":{"line":30,"column":48}},"27":{"start":{"line":31,"column":4},"end":{"line":31,"column":47}},"28":{"start":{"line":32,"column":4},"end":{"line":37,"column":7}},"29":{"start":{"line":33,"column":6},"end":{"line":33,"column":62}},"30":{"start":{"line":33,"column":15},"end":{"line":33,"column":62}},"31":{"start":{"line":35,"column":20},"end":{"line":35,"column":75}},"32":{"start":{"line":36,"column":6},"end":{"line":36,"column":26}},"33":{"start":{"line":42,"column":0},"end":{"line":57,"column":3}},"34":{"start":{"line":43,"column":33},"end":{"line":43,"column":41}},"35":{"start":{"line":44,"column":2},"end":{"line":56,"column":5}},"36":{"start":{"line":45,"column":16},"end":{"line":45,"column":18}},"37":{"start":{"line":46,"column":4},"end":{"line":48,"column":5}},"38":{"start":{"line":47,"column":6},"end":{"line":47,"column":48}},"39":{"start":{"line":47,"column":12},"end":{"line":47,"column":37}},"40":{"start":{"line":49,"column":17},"end":{"line":49,"column":57}},"41":{"start":{"line":49,"column":33},"end":{"line":49,"column":56}},"42":{"start":{"line":50,"column":4},"end":{"line":50,"column":76}},"43":{"start":{"line":50,"column":15},"end":{"line":50,"column":76}},"44":{"start":{"line":51,"column":4},"end":{"line":53,"column":5}},"45":{"start":{"line":52,"column":6},"end":{"line":52,"column":67}},"46":{"start":{"line":54,"column":18},"end":{"line":54,"column":73}},"47":{"start":{"line":55,"column":4},"end":{"line":55,"column":24}},"48":{"start":{"line":61,"column":21},"end":{"line":61,"column":46}},"49":{"start":{"line":62,"column":2},"end":{"line":62,"column":69}},"50":{"start":{"line":62,"column":19},"end":{"line":62,"column":69}},"51":{"start":{"line":63,"column":16},"end":{"line":63,"column":40}},"52":{"start":{"line":64,"column":2},"end":{"line":70,"column":3}},"53":{"start":{"line":65,"column":20},"end":{"line":65,"column":49}},"54":{"start":{"line":66,"column":4},"end":{"line":66,"column":23}},"55":{"start":{"line":67,"column":4},"end":{"line":67,"column":11}},"56":{"start":{"line":69,"column":4},"end":{"line":69,"column":49}},"57":{"start":{"line":74,"column":0},"end":{"line":87,"column":3}},"58":{"start":{"line":75,"column":2},"end":{"line":86,"column":5}},"59":{"start":{"line":76,"column":19},"end":{"line":76,"column":21}},"60":{"start":{"line":77,"column":4},"end":{"line":83,"column":5}},"61":{"start":{"line":78,"column":6},"end":{"line":82,"column":16}},"62":{"start":{"line":79,"column":8},"end":{"line":79,"column":36}},"63":{"start":{"line":81,"column":8},"end":{"line":81,"column":51}},"64":{"start":{"line":81,"column":37},"end":{"line":81,"column":51}},"65":{"start":{"line":84,"column":21},"end":{"line":84,"column":38}},"66":{"start":{"line":85,"column":4},"end":{"line":85,"column":39}},"67":{"start":{"line":90,"column":0},"end":{"line":108,"column":3}},"68":{"start":{"line":91,"column":18},"end":{"line":91,"column":26}},"69":{"start":{"line":92,"column":2},"end":{"line":107,"column":5}},"70":{"start":{"line":93,"column":19},"end":{"line":93,"column":21}},"71":{"start":{"line":94,"column":4},"end":{"line":99,"column":5}},"72":{"start":{"line":95,"column":6},"end":{"line":98,"column":16}},"73":{"start":{"line":96,"column":8},"end":{"line":96,"column":36}},"74":{"start":{"line":97,"column":8},"end":{"line":97,"column":51}},"75":{"start":{"line":97,"column":37},"end":{"line":97,"column":51}},"76":{"start":{"line":100,"column":21},"end":{"line":100,"column":38}},"77":{"start":{"line":101,"column":4},"end":{"line":101,"column":53}},"78":{"start":{"line":101,"column":29},"end":{"line":101,"column":53}},"79":{"start":{"line":102,"column":4},"end":{"line":102,"column":37}},"80":{"start":{"line":103,"column":4},"end":{"line":106,"column":7}},"81":{"start":{"line":104,"column":6},"end":{"line":104,"column":51}},"82":{"start":{"line":104,"column":15},"end":{"line":104,"column":51}},"83":{"start":{"line":105,"column":6},"end":{"line":105,"column":24}},"84":{"start":{"line":111,"column":0},"end":{"line":134,"column":3}},"85":{"start":{"line":112,"column":14},"end":{"line":112,"column":44}},"86":{"start":{"line":113,"column":2},"end":{"line":133,"column":5}},"87":{"start":{"line":114,"column":19},"end":{"line":114,"column":21}},"88":{"start":{"line":115,"column":4},"end":{"line":120,"column":5}},"89":{"start":{"line":116,"column":6},"end":{"line":119,"column":16}},"90":{"start":{"line":117,"column":8},"end":{"line":117,"column":36}},"91":{"start":{"line":118,"column":8},"end":{"line":118,"column":51}},"92":{"start":{"line":118,"column":37},"end":{"line":118,"column":51}},"93":{"start":{"line":121,"column":21},"end":{"line":121,"column":38}},"94":{"start":{"line":122,"column":22},"end":{"line":122,"column":46}},"95":{"start":{"line":123,"column":4},"end":{"line":132,"column":5}},"96":{"start":{"line":124,"column":6},"end":{"line":124,"column":31}},"97":{"start":{"line":125,"column":6},"end":{"line":125,"column":37}},"98":{"start":{"line":126,"column":6},"end":{"line":129,"column":9}},"99":{"start":{"line":127,"column":8},"end":{"line":127,"column":53}},"100":{"start":{"line":127,"column":17},"end":{"line":127,"column":53}},"101":{"start":{"line":128,"column":8},"end":{"line":128,"column":36}},"102":{"start":{"line":131,"column":6},"end":{"line":131,"column":40}},"103":{"start":{"line":137,"column":0},"end":{"line":161,"column":3}},"104":{"start":{"line":138,"column":14},"end":{"line":138,"column":44}},"105":{"start":{"line":139,"column":22},"end":{"line":139,"column":30}},"106":{"start":{"line":140,"column":2},"end":{"line":160,"column":5}},"107":{"start":{"line":141,"column":19},"end":{"line":141,"column":21}},"108":{"start":{"line":142,"column":4},"end":{"line":147,"column":5}},"109":{"start":{"line":143,"column":6},"end":{"line":146,"column":16}},"110":{"start":{"line":144,"column":8},"end":{"line":144,"column":36}},"111":{"start":{"line":145,"column":8},"end":{"line":145,"column":51}},"112":{"start":{"line":145,"column":37},"end":{"line":145,"column":51}},"113":{"start":{"line":148,"column":21},"end":{"line":148,"column":38}},"114":{"start":{"line":149,"column":22},"end":{"line":149,"column":46}},"115":{"start":{"line":150,"column":4},"end":{"line":159,"column":5}},"116":{"start":{"line":151,"column":6},"end":{"line":151,"column":35}},"117":{"start":{"line":152,"column":6},"end":{"line":152,"column":37}},"118":{"start":{"line":153,"column":6},"end":{"line":156,"column":9}},"119":{"start":{"line":154,"column":8},"end":{"line":154,"column":53}},"120":{"start":{"line":154,"column":17},"end":{"line":154,"column":53}},"121":{"start":{"line":155,"column":8},"end":{"line":155,"column":30}},"122":{"start":{"line":158,"column":6},"end":{"line":158,"column":40}},"123":{"start":{"line":163,"column":0},"end":{"line":167,"column":1}},"124":{"start":{"line":164,"column":2},"end":{"line":166,"column":5}},"125":{"start":{"line":165,"column":4},"end":{"line":165,"column":55}},"126":{"start":{"line":169,"column":0},"end":{"line":169,"column":21}}},"fnMap":{"0":{"name":"(anonymous_0)","decl":{"start":{"line":19,"column":26},"end":{"line":19,"column":27}},"loc":{"start":{"line":19,"column":40},"end":{"line":39,"column":1}},"line":19},"1":{"name":"(anonymous_1)","decl":{"start":{"line":22,"column":34},"end":{"line":22,"column":35}},"loc":{"start":{"line":22,"column":49},"end":{"line":38,"column":3}},"line":22},"2":{"name":"(anonymous_2)","decl":{"start":{"line":27,"column":19},"end":{"line":27,"column":20}},"loc":{"start":{"line":27,"column":24},"end":{"line":27,"column":47}},"line":27},"3":{"name":"(anonymous_3)","decl":{"start":{"line":32,"column":61},"end":{"line":32,"column":62}},"loc":{"start":{"line":32,"column":68},"end":{"line":37,"column":5}},"line":32},"4":{"name":"(anonymous_4)","decl":{"start":{"line":42,"column":23},"end":{"line":42,"column":24}},"loc":{"start":{"line":42,"column":37},"end":{"line":57,"column":1}},"line":42},"5":{"name":"(anonymous_5)","decl":{"start":{"line":44,"column":34},"end":{"line":44,"column":35}},"loc":{"start":{"line":44,"column":49},"end":{"line":56,"column":3}},"line":44},"6":{"name":"(anonymous_6)","decl":{"start":{"line":49,"column":28},"end":{"line":49,"column":29}},"loc":{"start":{"line":49,"column":33},"end":{"line":49,"column":56}},"line":49},"7":{"name":"auth","decl":{"start":{"line":60,"column":9},"end":{"line":60,"column":13}},"loc":{"start":{"line":60,"column":30},"end":{"line":71,"column":1}},"line":60},"8":{"name":"(anonymous_8)","decl":{"start":{"line":74,"column":28},"end":{"line":74,"column":29}},"loc":{"start":{"line":74,"column":42},"end":{"line":87,"column":1}},"line":74},"9":{"name":"(anonymous_9)","decl":{"start":{"line":75,"column":33},"end":{"line":75,"column":34}},"loc":{"start":{"line":75,"column":48},"end":{"line":86,"column":3}},"line":75},"10":{"name":"(anonymous_10)","decl":{"start":{"line":90,"column":29},"end":{"line":90,"column":30}},"loc":{"start":{"line":90,"column":43},"end":{"line":108,"column":1}},"line":90},"11":{"name":"(anonymous_11)","decl":{"start":{"line":92,"column":33},"end":{"line":92,"column":34}},"loc":{"start":{"line":92,"column":48},"end":{"line":107,"column":3}},"line":92},"12":{"name":"(anonymous_12)","decl":{"start":{"line":103,"column":63},"end":{"line":103,"column":64}},"loc":{"start":{"line":103,"column":70},"end":{"line":106,"column":5}},"line":103},"13":{"name":"(anonymous_13)","decl":{"start":{"line":111,"column":38},"end":{"line":111,"column":39}},"loc":{"start":{"line":111,"column":52},"end":{"line":134,"column":1}},"line":111},"14":{"name":"(anonymous_14)","decl":{"start":{"line":113,"column":33},"end":{"line":113,"column":34}},"loc":{"start":{"line":113,"column":48},"end":{"line":133,"column":3}},"line":113},"15":{"name":"(anonymous_15)","decl":{"start":{"line":126,"column":65},"end":{"line":126,"column":66}},"loc":{"start":{"line":126,"column":72},"end":{"line":129,"column":7}},"line":126},"16":{"name":"(anonymous_16)","decl":{"start":{"line":137,"column":35},"end":{"line":137,"column":36}},"loc":{"start":{"line":137,"column":49},"end":{"line":161,"column":1}},"line":137},"17":{"name":"(anonymous_17)","decl":{"start":{"line":140,"column":33},"end":{"line":140,"column":34}},"loc":{"start":{"line":140,"column":48},"end":{"line":160,"column":3}},"line":140},"18":{"name":"(anonymous_18)","decl":{"start":{"line":153,"column":65},"end":{"line":153,"column":66}},"loc":{"start":{"line":153,"column":72},"end":{"line":156,"column":7}},"line":153},"19":{"name":"(anonymous_19)","decl":{"start":{"line":164,"column":19},"end":{"line":164,"column":20}},"loc":{"start":{"line":164,"column":25},"end":{"line":166,"column":3}},"line":164}},"branchMap":{"0":{"loc":{"start":{"line":10,"column":13},"end":{"line":10,"column":37}},"type":"binary-expr","locations":[{"start":{"line":10,"column":13},"end":{"line":10,"column":29}},{"start":{"line":10,"column":33},"end":{"line":10,"column":37}}],"line":10},"1":{"loc":{"start":{"line":13,"column":19},"end":{"line":13,"column":57}},"type":"binary-expr","locations":[{"start":{"line":13,"column":19},"end":{"line":13,"column":41}},{"start":{"line":13,"column":45},"end":{"line":13,"column":57}}],"line":13},"2":{"loc":{"start":{"line":21,"column":2},"end":{"line":21,"column":89}},"type":"if","locations":[{"start":{"line":21,"column":2},"end":{"line":21,"column":89}},{"start":{},"end":{}}],"line":21},"3":{"loc":{"start":{"line":21,"column":6},"end":{"line":21,"column":28}},"type":"binary-expr","locations":[{"start":{"line":21,"column":6},"end":{"line":21,"column":15}},{"start":{"line":21,"column":19},"end":{"line":21,"column":28}}],"line":21},"4":{"loc":{"start":{"line":24,"column":4},"end":{"line":26,"column":5}},"type":"if","locations":[{"start":{"line":24,"column":4},"end":{"line":26,"column":5}},{"start":{},"end":{}}],"line":24},"5":{"loc":{"start":{"line":24,"column":8},"end":{"line":24,"column":20}},"type":"binary-expr","locations":[{"start":{"line":24,"column":8},"end":{"line":24,"column":12}},{"start":{"line":24,"column":16},"end":{"line":24,"column":20}}],"line":24},"6":{"loc":{"start":{"line":27,"column":4},"end":{"line":29,"column":5}},"type":"if","locations":[{"start":{"line":27,"column":4},"end":{"line":29,"column":5}},{"start":{},"end":{}}],"line":27},"7":{"loc":{"start":{"line":33,"column":6},"end":{"line":33,"column":62}},"type":"if","locations":[{"start":{"line":33,"column":6},"end":{"line":33,"column":62}},{"start":{},"end":{}}],"line":33},"8":{"loc":{"start":{"line":46,"column":4},"end":{"line":48,"column":5}},"type":"if","locations":[{"start":{"line":46,"column":4},"end":{"line":48,"column":5}},{"start":{},"end":{}}],"line":46},"9":{"loc":{"start":{"line":46,"column":8},"end":{"line":46,"column":20}},"type":"binary-expr","locations":[{"start":{"line":46,"column":8},"end":{"line":46,"column":12}},{"start":{"line":46,"column":16},"end":{"line":46,"column":20}}],"line":46},"10":{"loc":{"start":{"line":50,"column":4},"end":{"line":50,"column":76}},"type":"if","locations":[{"start":{"line":50,"column":4},"end":{"line":50,"column":76}},{"start":{},"end":{}}],"line":50},"11":{"loc":{"start":{"line":51,"column":4},"end":{"line":53,"column":5}},"type":"if","locations":[{"start":{"line":51,"column":4},"end":{"line":53,"column":5}},{"start":{},"end":{}}],"line":51},"12":{"loc":{"start":{"line":62,"column":2},"end":{"line":62,"column":69}},"type":"if","locations":[{"start":{"line":62,"column":2},"end":{"line":62,"column":69}},{"start":{},"end":{}}],"line":62},"13":{"loc":{"start":{"line":77,"column":4},"end":{"line":83,"column":5}},"type":"if","locations":[{"start":{"line":77,"column":4},"end":{"line":83,"column":5}},{"start":{},"end":{}}],"line":77},"14":{"loc":{"start":{"line":77,"column":8},"end":{"line":77,"column":20}},"type":"binary-expr","locations":[{"start":{"line":77,"column":8},"end":{"line":77,"column":12}},{"start":{"line":77,"column":16},"end":{"line":77,"column":20}}],"line":77},"15":{"loc":{"start":{"line":81,"column":8},"end":{"line":81,"column":51}},"type":"if","locations":[{"start":{"line":81,"column":8},"end":{"line":81,"column":51}},{"start":{},"end":{}}],"line":81},"16":{"loc":{"start":{"line":85,"column":13},"end":{"line":85,"column":37}},"type":"binary-expr","locations":[{"start":{"line":85,"column":13},"end":{"line":85,"column":31}},{"start":{"line":85,"column":35},"end":{"line":85,"column":37}}],"line":85},"17":{"loc":{"start":{"line":94,"column":4},"end":{"line":99,"column":5}},"type":"if","locations":[{"start":{"line":94,"column":4},"end":{"line":99,"column":5}},{"start":{},"end":{}}],"line":94},"18":{"loc":{"start":{"line":94,"column":8},"end":{"line":94,"column":20}},"type":"binary-expr","locations":[{"start":{"line":94,"column":8},"end":{"line":94,"column":12}},{"start":{"line":94,"column":16},"end":{"line":94,"column":20}}],"line":94},"19":{"loc":{"start":{"line":97,"column":8},"end":{"line":97,"column":51}},"type":"if","locations":[{"start":{"line":97,"column":8},"end":{"line":97,"column":51}},{"start":{},"end":{}}],"line":97},"20":{"loc":{"start":{"line":101,"column":4},"end":{"line":101,"column":53}},"type":"if","locations":[{"start":{"line":101,"column":4},"end":{"line":101,"column":53}},{"start":{},"end":{}}],"line":101},"21":{"loc":{"start":{"line":104,"column":6},"end":{"line":104,"column":51}},"type":"if","locations":[{"start":{"line":104,"column":6},"end":{"line":104,"column":51}},{"start":{},"end":{}}],"line":104},"22":{"loc":{"start":{"line":115,"column":4},"end":{"line":120,"column":5}},"type":"if","locations":[{"start":{"line":115,"column":4},"end":{"line":120,"column":5}},{"start":{},"end":{}}],"line":115},"23":{"loc":{"start":{"line":115,"column":8},"end":{"line":115,"column":20}},"type":"binary-expr","locations":[{"start":{"line":115,"column":8},"end":{"line":115,"column":12}},{"start":{"line":115,"column":16},"end":{"line":115,"column":20}}],"line":115},"24":{"loc":{"start":{"line":118,"column":8},"end":{"line":118,"column":51}},"type":"if","locations":[{"start":{"line":118,"column":8},"end":{"line":118,"column":51}},{"start":{},"end":{}}],"line":118},"25":{"loc":{"start":{"line":122,"column":22},"end":{"line":122,"column":46}},"type":"binary-expr","locations":[{"start":{"line":122,"column":22},"end":{"line":122,"column":40}},{"start":{"line":122,"column":44},"end":{"line":122,"column":46}}],"line":122},"26":{"loc":{"start":{"line":123,"column":4},"end":{"line":132,"column":5}},"type":"if","locations":[{"start":{"line":123,"column":4},"end":{"line":132,"column":5}},{"start":{"line":130,"column":11},"end":{"line":132,"column":5}}],"line":123},"27":{"loc":{"start":{"line":123,"column":8},"end":{"line":123,"column":42}},"type":"binary-expr","locations":[{"start":{"line":123,"column":8},"end":{"line":123,"column":16}},{"start":{"line":123,"column":20},"end":{"line":123,"column":42}}],"line":123},"28":{"loc":{"start":{"line":127,"column":8},"end":{"line":127,"column":53}},"type":"if","locations":[{"start":{"line":127,"column":8},"end":{"line":127,"column":53}},{"start":{},"end":{}}],"line":127},"29":{"loc":{"start":{"line":142,"column":4},"end":{"line":147,"column":5}},"type":"if","locations":[{"start":{"line":142,"column":4},"end":{"line":147,"column":5}},{"start":{},"end":{}}],"line":142},"30":{"loc":{"start":{"line":142,"column":8},"end":{"line":142,"column":20}},"type":"binary-expr","locations":[{"start":{"line":142,"column":8},"end":{"line":142,"column":12}},{"start":{"line":142,"column":16},"end":{"line":142,"column":20}}],"line":142},"31":{"loc":{"start":{"line":145,"column":8},"end":{"line":145,"column":51}},"type":"if","locations":[{"start":{"line":145,"column":8},"end":{"line":145,"column":51}},{"start":{},"end":{}}],"line":145},"32":{"loc":{"start":{"line":149,"column":22},"end":{"line":149,"column":46}},"type":"binary-expr","locations":[{"start":{"line":149,"column":22},"end":{"line":149,"column":40}},{"start":{"line":149,"column":44},"end":{"line":149,"column":46}}],"line":149},"33":{"loc":{"start":{"line":150,"column":4},"end":{"line":159,"column":5}},"type":"if","locations":[{"start":{"line":150,"column":4},"end":{"line":159,"column":5}},{"start":{"line":157,"column":11},"end":{"line":159,"column":5}}],"line":150},"34":{"loc":{"start":{"line":150,"column":8},"end":{"line":150,"column":42}},"type":"binary-expr","locations":[{"start":{"line":150,"column":8},"end":{"line":150,"column":16}},{"start":{"line":150,"column":20},"end":{"line":150,"column":42}}],"line":150},"35":{"loc":{"start":{"line":154,"column":8},"end":{"line":154,"column":53}},"type":"if","locations":[{"start":{"line":154,"column":8},"end":{"line":154,"column":53}},{"start":{},"end":{}}],"line":154},"36":{"loc":{"start":{"line":163,"column":0},"end":{"line":167,"column":1}},"type":"if","locations":[{"start":{"line":163,"column":0},"end":{"line":167,"column":1}},{"start":{},"end":{}}],"line":163}},"s":{"0":1,"1":1,"2":1,"3":1,"4":1,"5":1,"6":1,"7":1,"8":1,"9":1,"10":1,"11":1,"12":1,"13":1,"14":1,"15":24,"16":24,"17":1,"18":23,"19":23,"20":23,"21":23,"22":23,"23":23,"24":10,"25":1,"26":22,"27":22,"28":22,"29":22,"30":0,"31":22,"32":22,"33":1,"34":2,"35":2,"36":2,"37":2,"38":2,"39":2,"40":2,"41":2,"42":2,"43":0,"44":2,"45":1,"46":1,"47":1,"48":19,"49":19,"50":2,"51":17,"52":17,"53":17,"54":17,"55":17,"56":0,"57":1,"58":6,"59":6,"60":6,"61":6,"62":6,"63":6,"64":1,"65":6,"66":6,"67":1,"68":7,"69":7,"70":7,"71":7,"72":7,"73":7,"74":7,"75":6,"76":7,"77":7,"78":7,"79":7,"80":7,"81":7,"82":0,"83":7,"84":1,"85":2,"86":2,"87":2,"88":2,"89":2,"90":2,"91":2,"92":0,"93":2,"94":2,"95":2,"96":1,"97":1,"98":1,"99":1,"100":0,"101":1,"102":1,"103":1,"104":2,"105":2,"106":2,"107":2,"108":2,"109":2,"110":2,"111":2,"112":0,"113":2,"114":2,"115":2,"116":1,"117":1,"118":1,"119":1,"120":0,"121":1,"122":1,"123":1,"124":0,"125":0,"126":1},"f":{"0":24,"1":23,"2":10,"3":22,"4":2,"5":2,"6":2,"7":19,"8":6,"9":6,"10":7,"11":7,"12":7,"13":2,"14":2,"15":1,"16":2,"17":2,"18":1,"19":0},"b":{"0":[1,1],"1":[1,1],"2":[1,23],"3":[24,23],"4":[23,0],"5":[23,23],"6":[1,22],"7":[0,22],"8":[2,0],"9":[2,2],"10":[0,2],"11":[1,1],"12":[2,17],"13":[6,0],"14":[6,6],"15":[1,5],"16":[6,1],"17":[7,0],"18":[7,7],"19":[6,1],"20":[7,0],"21":[0,7],"22":[2,0],"23":[2,2],"24":[0,2],"25":[2,0],"26":[1,1],"27":[2,2],"28":[0,1],"29":[2,0],"30":[2,2],"31":[0,2],"32":[2,0],"33":[1,1],"34":[2,2],"35":[0,1],"36":[0,1]},"_coverageSchema":"1a1c01bbd47fc00a2c39e90264f33305004495a9","hash":"b1e82bfeb8a4c1d102e8f944163ba3f376f6a7ad"}
}
