TN:
SF:index.js
FN:19,(anonymous_0)
FN:22,(anonymous_1)
FN:27,(anonymous_2)
FN:32,(anonymous_3)
FN:42,(anonymous_4)
FN:44,(anonymous_5)
FN:49,(anonymous_6)
FN:60,auth
FN:74,(anonymous_8)
FN:75,(anonymous_9)
FN:90,(anonymous_10)
FN:92,(anonymous_11)
FN:103,(anonymous_12)
FN:111,(anonymous_13)
FN:113,(anonymous_14)
FN:126,(anonymous_15)
FN:137,(anonymous_16)
FN:140,(anonymous_17)
FN:153,(anonymous_18)
FN:164,(anonymous_19)
FNF:20
FNH:19
FNDA:24,(anonymous_0)
FNDA:23,(anonymous_1)
FNDA:10,(anonymous_2)
FNDA:22,(anonymous_3)
FNDA:2,(anonymous_4)
FNDA:2,(anonymous_5)
FNDA:2,(anonymous_6)
FNDA:19,auth
FNDA:6,(anonymous_8)
FNDA:6,(anonymous_9)
FNDA:7,(anonymous_10)
FNDA:7,(anonymous_11)
FNDA:7,(anonymous_12)
FNDA:2,(anonymous_13)
FNDA:2,(anonymous_14)
FNDA:1,(anonymous_15)
FNDA:2,(anonymous_16)
FNDA:2,(anonymous_17)
FNDA:1,(anonymous_18)
FNDA:0,(anonymous_19)
DA:1,1
DA:2,1
DA:3,1
DA:4,1
DA:5,1
DA:6,1
DA:7,1
DA:9,1
DA:10,1
DA:11,1
DA:12,1
DA:13,1
DA:15,1
DA:16,1
DA:19,1
DA:20,24
DA:21,24
DA:22,23
DA:23,23
DA:24,23
DA:25,23
DA:27,23
DA:28,1
DA:30,22
DA:31,22
DA:32,22
DA:33,22
DA:35,22
DA:36,22
DA:42,1
DA:43,2
DA:44,2
DA:45,2
DA:46,2
DA:47,2
DA:49,2
DA:50,2
DA:51,2
DA:52,1
DA:54,1
DA:55,1
DA:61,19
DA:62,19
DA:63,17
DA:64,17
DA:65,17
DA:66,17
DA:67,17
DA:69,0
DA:74,1
DA:75,6
DA:76,6
DA:77,6
DA:78,6
DA:79,6
DA:81,6
DA:84,6
DA:85,6
DA:90,1
DA:91,7
DA:92,7
DA:93,7
DA:94,7
DA:95,7
DA:96,7
DA:97,7
DA:100,7
DA:101,7
DA:102,7
DA:103,7
DA:104,7
DA:105,7
DA:111,1
DA:112,2
DA:113,2
DA:114,2
DA:115,2
DA:116,2
DA:117,2
DA:118,2
DA:121,2
DA:122,2
DA:123,2
DA:124,1
DA:125,1
DA:126,1
DA:127,1
DA:128,1
DA:131,1
DA:137,1
DA:138,2
DA:139,2
DA:140,2
DA:141,2
DA:142,2
DA:143,2
DA:144,2
DA:145,2
DA:148,2
DA:149,2
DA:150,2
DA:151,1
DA:152,1
DA:153,1
DA:154,1
DA:155,1
DA:158,1
DA:163,1
DA:164,0
DA:165,0
DA:169,1
LF:111
LH:108
BRDA:10,0,0,1
BRDA:10,0,1,1
BRDA:13,1,0,1
BRDA:13,1,1,1
BRDA:21,2,0,1
BRDA:21,2,1,23
BRDA:21,3,0,24
BRDA:21,3,1,23
BRDA:24,4,0,23
BRDA:24,4,1,0
BRDA:24,5,0,23
BRDA:24,5,1,23
BRDA:27,6,0,1
BRDA:27,6,1,22
BRDA:33,7,0,0
BRDA:33,7,1,22
BRDA:46,8,0,2
BRDA:46,8,1,0
BRDA:46,9,0,2
BRDA:46,9,1,2
BRDA:50,10,0,0
BRDA:50,10,1,2
BRDA:51,11,0,1
BRDA:51,11,1,1
BRDA:62,12,0,2
BRDA:62,12,1,17
BRDA:77,13,0,6
BRDA:77,13,1,0
BRDA:77,14,0,6
BRDA:77,14,1,6
BRDA:81,15,0,1
BRDA:81,15,1,5
BRDA:85,16,0,6
BRDA:85,16,1,1
BRDA:94,17,0,7
BRDA:94,17,1,0
BRDA:94,18,0,7
BRDA:94,18,1,7
BRDA:97,19,0,6
BRDA:97,19,1,1
BRDA:101,20,0,7
BRDA:101,20,1,0
BRDA:104,21,0,0
BRDA:104,21,1,7
BRDA:115,22,0,2
BRDA:115,22,1,0
BRDA:115,23,0,2
BRDA:115,23,1,2
BRDA:118,24,0,0
BRDA:118,24,1,2
BRDA:122,25,0,2
BRDA:122,25,1,0
BRDA:123,26,0,1
BRDA:123,26,1,1
BRDA:123,27,0,2
BRDA:123,27,1,2
BRDA:127,28,0,0
BRDA:127,28,1,1
BRDA:142,29,0,2
BRDA:142,29,1,0
BRDA:142,30,0,2
BRDA:142,30,1,2
BRDA:145,31,0,0
BRDA:145,31,1,2
BRDA:149,32,0,2
BRDA:149,32,1,0
BRDA:150,33,0,1
BRDA:150,33,1,1
BRDA:150,34,0,2
BRDA:150,34,1,2
BRDA:154,35,0,0
BRDA:154,35,1,1
BRDA:163,36,0,0
BRDA:163,36,1,1
BRF:74
BRH:57
end_of_record
