<?xml version="1.0" encoding="UTF-8"?>
<coverage generated="1756704392101" clover="3.2.0">
  <project timestamp="1756704392101" name="All files">
    <metrics statements="42" coveredstatements="29" conditionals="21" coveredconditionals="16" methods="20" coveredmethods="10" elements="83" coveredelements="55" complexity="0" loc="42" ncloc="42" packages="1" files="1" classes="1"/>
    <file name="App.js" path="/Users/dobashihiroki/Projects/to-do_list/src/App.js">
      <metrics statements="42" coveredstatements="29" conditionals="21" coveredconditionals="16" methods="20" coveredmethods="10"/>
      <line num="4" count="1" type="stmt"/>
      <line num="5" count="1" type="stmt"/>
      <line num="10" count="6" type="stmt"/>
      <line num="12" count="6" type="stmt"/>
      <line num="14" count="6" type="stmt"/>
      <line num="17" count="6" type="cond" truecount="1" falsecount="0"/>
      <line num="18" count="5" type="stmt"/>
      <line num="19" count="5" type="stmt"/>
      <line num="29" count="6" type="stmt"/>
      <line num="30" count="4" type="cond" truecount="2" falsecount="0"/>
      <line num="31" count="3" type="stmt"/>
      <line num="32" count="1" type="stmt"/>
      <line num="33" count="1" type="stmt"/>
      <line num="37" count="6" type="stmt"/>
      <line num="38" count="2" type="cond" truecount="2" falsecount="0"/>
      <line num="39" count="1" type="stmt"/>
      <line num="40" count="1" type="stmt"/>
      <line num="46" count="1" type="stmt"/>
      <line num="47" count="1" type="stmt"/>
      <line num="48" count="1" type="stmt"/>
      <line num="49" count="1" type="stmt"/>
      <line num="53" count="6" type="stmt"/>
      <line num="54" count="0" type="stmt"/>
      <line num="55" count="0" type="stmt"/>
      <line num="56" count="0" type="stmt"/>
      <line num="57" count="0" type="stmt"/>
      <line num="61" count="6" type="stmt"/>
      <line num="62" count="0" type="stmt"/>
      <line num="63" count="0" type="stmt"/>
      <line num="68" count="0" type="stmt"/>
      <line num="69" count="0" type="stmt"/>
      <line num="70" count="0" type="stmt"/>
      <line num="73" count="6" type="cond" truecount="2" falsecount="0"/>
      <line num="74" count="1" type="stmt"/>
      <line num="78" count="5" type="stmt"/>
      <line num="79" count="0" type="stmt"/>
      <line num="80" count="0" type="stmt"/>
      <line num="83" count="5" type="stmt"/>
      <line num="120" count="1" type="stmt"/>
      <line num="155" count="1" type="stmt"/>
      <line num="165" count="0" type="stmt"/>
      <line num="179" count="0" type="stmt"/>
    </file>
  </project>
</coverage>
