{"/Users/dobashihiroki/Projects/to-do_list/src/App.js": {"path":"/Users/dobashihiroki/Projects/to-do_list/src/App.js","statementMap":{"0":{"start":{"line":4,"column":16},"end":{"line":4,"column":45}},"1":{"start":{"line":5,"column":0},"end":{"line":5,"column":33}},"2":{"start":{"line":10,"column":28},"end":{"line":10,"column":40}},"3":{"start":{"line":12,"column":28},"end":{"line":12,"column":40}},"4":{"start":{"line":14,"column":34},"end":{"line":14,"column":75}},"5":{"start":{"line":17,"column":20},"end":{"line":26,"column":3}},"6":{"start":{"line":18,"column":18},"end":{"line":18,"column":47}},"7":{"start":{"line":19,"column":4},"end":{"line":25,"column":7}},"8":{"start":{"line":29,"column":2},"end":{"line":34,"column":17}},"9":{"start":{"line":30,"column":4},"end":{"line":30,"column":26}},"10":{"start":{"line":30,"column":19},"end":{"line":30,"column":26}},"11":{"start":{"line":31,"column":4},"end":{"line":33,"column":36}},"12":{"start":{"line":32,"column":19},"end":{"line":32,"column":29}},"13":{"start":{"line":33,"column":20},"end":{"line":33,"column":34}},"14":{"start":{"line":37,"column":18},"end":{"line":50,"column":3}},"15":{"start":{"line":38,"column":4},"end":{"line":38,"column":36}},"16":{"start":{"line":38,"column":29},"end":{"line":38,"column":36}},"17":{"start":{"line":39,"column":20},"end":{"line":39,"column":48}},"18":{"start":{"line":40,"column":4},"end":{"line":44,"column":7}},"19":{"start":{"line":46,"column":4},"end":{"line":48,"column":36}},"20":{"start":{"line":47,"column":19},"end":{"line":47,"column":29}},"21":{"start":{"line":48,"column":20},"end":{"line":48,"column":34}},"22":{"start":{"line":49,"column":4},"end":{"line":49,"column":17}},"23":{"start":{"line":53,"column":21},"end":{"line":58,"column":3}},"24":{"start":{"line":54,"column":4},"end":{"line":54,"column":65}},"25":{"start":{"line":55,"column":4},"end":{"line":57,"column":36}},"26":{"start":{"line":56,"column":19},"end":{"line":56,"column":29}},"27":{"start":{"line":57,"column":20},"end":{"line":57,"column":34}},"28":{"start":{"line":61,"column":21},"end":{"line":71,"column":3}},"29":{"start":{"line":62,"column":20},"end":{"line":62,"column":65}},"30":{"start":{"line":63,"column":4},"end":{"line":67,"column":7}},"31":{"start":{"line":68,"column":4},"end":{"line":70,"column":36}},"32":{"start":{"line":69,"column":19},"end":{"line":69,"column":29}},"33":{"start":{"line":70,"column":20},"end":{"line":70,"column":34}},"34":{"start":{"line":73,"column":2},"end":{"line":75,"column":3}},"35":{"start":{"line":74,"column":4},"end":{"line":74,"column":55}},"36":{"start":{"line":74,"column":33},"end":{"line":74,"column":50}},"37":{"start":{"line":78,"column":23},"end":{"line":81,"column":3}},"38":{"start":{"line":79,"column":4},"end":{"line":79,"column":37}},"39":{"start":{"line":80,"column":4},"end":{"line":80,"column":23}},"40":{"start":{"line":83,"column":2},"end":{"line":199,"column":4}},"41":{"start":{"line":120,"column":25},"end":{"line":120,"column":49}},"42":{"start":{"line":155,"column":12},"end":{"line":194,"column":17}},"43":{"start":{"line":165,"column":31},"end":{"line":165,"column":44}},"44":{"start":{"line":179,"column":31},"end":{"line":179,"column":44}}},"fnMap":{"0":{"name":"App","decl":{"start":{"line":8,"column":9},"end":{"line":8,"column":12}},"loc":{"start":{"line":8,"column":15},"end":{"line":200,"column":1}},"line":8},"1":{"name":"(anonymous_1)","decl":{"start":{"line":17,"column":20},"end":{"line":17,"column":21}},"loc":{"start":{"line":17,"column":43},"end":{"line":26,"column":3}},"line":17},"2":{"name":"(anonymous_2)","decl":{"start":{"line":29,"column":18},"end":{"line":29,"column":19}},"loc":{"start":{"line":29,"column":24},"end":{"line":34,"column":3}},"line":29},"3":{"name":"(anonymous_3)","decl":{"start":{"line":32,"column":12},"end":{"line":32,"column":13}},"loc":{"start":{"line":32,"column":19},"end":{"line":32,"column":29}},"line":32},"4":{"name":"(anonymous_4)","decl":{"start":{"line":33,"column":12},"end":{"line":33,"column":13}},"loc":{"start":{"line":33,"column":20},"end":{"line":33,"column":34}},"line":33},"5":{"name":"(anonymous_5)","decl":{"start":{"line":37,"column":18},"end":{"line":37,"column":19}},"loc":{"start":{"line":37,"column":30},"end":{"line":50,"column":3}},"line":37},"6":{"name":"(anonymous_6)","decl":{"start":{"line":47,"column":12},"end":{"line":47,"column":13}},"loc":{"start":{"line":47,"column":19},"end":{"line":47,"column":29}},"line":47},"7":{"name":"(anonymous_7)","decl":{"start":{"line":48,"column":12},"end":{"line":48,"column":13}},"loc":{"start":{"line":48,"column":20},"end":{"line":48,"column":34}},"line":48},"8":{"name":"(anonymous_8)","decl":{"start":{"line":53,"column":21},"end":{"line":53,"column":22}},"loc":{"start":{"line":53,"column":38},"end":{"line":58,"column":3}},"line":53},"9":{"name":"(anonymous_9)","decl":{"start":{"line":56,"column":12},"end":{"line":56,"column":13}},"loc":{"start":{"line":56,"column":19},"end":{"line":56,"column":29}},"line":56},"10":{"name":"(anonymous_10)","decl":{"start":{"line":57,"column":12},"end":{"line":57,"column":13}},"loc":{"start":{"line":57,"column":20},"end":{"line":57,"column":34}},"line":57},"11":{"name":"(anonymous_11)","decl":{"start":{"line":61,"column":21},"end":{"line":61,"column":22}},"loc":{"start":{"line":61,"column":38},"end":{"line":71,"column":3}},"line":61},"12":{"name":"(anonymous_12)","decl":{"start":{"line":69,"column":12},"end":{"line":69,"column":13}},"loc":{"start":{"line":69,"column":19},"end":{"line":69,"column":29}},"line":69},"13":{"name":"(anonymous_13)","decl":{"start":{"line":70,"column":12},"end":{"line":70,"column":13}},"loc":{"start":{"line":70,"column":20},"end":{"line":70,"column":34}},"line":70},"14":{"name":"(anonymous_14)","decl":{"start":{"line":74,"column":27},"end":{"line":74,"column":28}},"loc":{"start":{"line":74,"column":33},"end":{"line":74,"column":50}},"line":74},"15":{"name":"(anonymous_15)","decl":{"start":{"line":78,"column":23},"end":{"line":78,"column":24}},"loc":{"start":{"line":78,"column":29},"end":{"line":81,"column":3}},"line":78},"16":{"name":"(anonymous_16)","decl":{"start":{"line":120,"column":20},"end":{"line":120,"column":21}},"loc":{"start":{"line":120,"column":25},"end":{"line":120,"column":49}},"line":120},"17":{"name":"(anonymous_17)","decl":{"start":{"line":154,"column":20},"end":{"line":154,"column":21}},"loc":{"start":{"line":155,"column":12},"end":{"line":194,"column":17}},"line":155},"18":{"name":"(anonymous_18)","decl":{"start":{"line":165,"column":25},"end":{"line":165,"column":26}},"loc":{"start":{"line":165,"column":31},"end":{"line":165,"column":44}},"line":165},"19":{"name":"(anonymous_19)","decl":{"start":{"line":179,"column":25},"end":{"line":179,"column":26}},"loc":{"start":{"line":179,"column":31},"end":{"line":179,"column":44}},"line":179}},"branchMap":{"0":{"loc":{"start":{"line":17,"column":26},"end":{"line":17,"column":38}},"type":"default-arg","locations":[{"start":{"line":17,"column":36},"end":{"line":17,"column":38}}],"line":17},"1":{"loc":{"start":{"line":22,"column":12},"end":{"line":22,"column":33}},"type":"binary-expr","locations":[{"start":{"line":22,"column":12},"end":{"line":22,"column":27}},{"start":{"line":22,"column":31},"end":{"line":22,"column":33}}],"line":22},"2":{"loc":{"start":{"line":23,"column":23},"end":{"line":23,"column":60}},"type":"cond-expr","locations":[{"start":{"line":23,"column":31},"end":{"line":23,"column":48}},{"start":{"line":23,"column":51},"end":{"line":23,"column":60}}],"line":23},"3":{"loc":{"start":{"line":30,"column":4},"end":{"line":30,"column":26}},"type":"if","locations":[{"start":{"line":30,"column":4},"end":{"line":30,"column":26}},{"start":{},"end":{}}],"line":30},"4":{"loc":{"start":{"line":38,"column":4},"end":{"line":38,"column":36}},"type":"if","locations":[{"start":{"line":38,"column":4},"end":{"line":38,"column":36}},{"start":{},"end":{}}],"line":38},"5":{"loc":{"start":{"line":73,"column":2},"end":{"line":75,"column":3}},"type":"if","locations":[{"start":{"line":73,"column":2},"end":{"line":75,"column":3}},{"start":{},"end":{}}],"line":73},"6":{"loc":{"start":{"line":149,"column":9},"end":{"line":196,"column":9}},"type":"cond-expr","locations":[{"start":{"line":150,"column":10},"end":{"line":152,"column":15}},{"start":{"line":154,"column":10},"end":{"line":195,"column":12}}],"line":149},"7":{"loc":{"start":{"line":158,"column":26},"end":{"line":158,"column":59}},"type":"cond-expr","locations":[{"start":{"line":158,"column":38},"end":{"line":158,"column":47}},{"start":{"line":158,"column":50},"end":{"line":158,"column":59}}],"line":158},"8":{"loc":{"start":{"line":167,"column":34},"end":{"line":167,"column":69}},"type":"cond-expr","locations":[{"start":{"line":167,"column":46},"end":{"line":167,"column":60}},{"start":{"line":167,"column":63},"end":{"line":167,"column":69}}],"line":167},"9":{"loc":{"start":{"line":168,"column":25},"end":{"line":168,"column":55}},"type":"cond-expr","locations":[{"start":{"line":168,"column":37},"end":{"line":168,"column":46}},{"start":{"line":168,"column":49},"end":{"line":168,"column":55}}],"line":168},"10":{"loc":{"start":{"line":174,"column":23},"end":{"line":174,"column":53}},"type":"cond-expr","locations":[{"start":{"line":174,"column":35},"end":{"line":174,"column":43}},{"start":{"line":174,"column":46},"end":{"line":174,"column":53}}],"line":174}},"s":{"0":1,"1":1,"2":6,"3":6,"4":6,"5":6,"6":5,"7":5,"8":6,"9":4,"10":1,"11":3,"12":1,"13":1,"14":6,"15":2,"16":1,"17":1,"18":1,"19":1,"20":1,"21":1,"22":1,"23":6,"24":0,"25":0,"26":0,"27":0,"28":6,"29":0,"30":0,"31":0,"32":0,"33":0,"34":6,"35":1,"36":0,"37":5,"38":0,"39":0,"40":5,"41":1,"42":1,"43":0,"44":0},"f":{"0":6,"1":5,"2":4,"3":1,"4":1,"5":2,"6":1,"7":1,"8":0,"9":0,"10":0,"11":0,"12":0,"13":0,"14":0,"15":0,"16":1,"17":1,"18":0,"19":0},"b":{"0":[4],"1":[5,4],"2":[5,0],"3":[1,3],"4":[1,1],"5":[1,5],"6":[4,1],"7":[0,1],"8":[0,1],"9":[0,1],"10":[0,1]},"_coverageSchema":"1a1c01bbd47fc00a2c39e90264f33305004495a9","hash":"412b16cddd8df71cec0020af665825a1ee5157e3"}
}
