TN:
SF:src/App.js
FN:8,App
FN:17,(anonymous_1)
FN:29,(anonymous_2)
FN:32,(anonymous_3)
FN:33,(anonymous_4)
FN:37,(anonymous_5)
FN:47,(anonymous_6)
FN:48,(anonymous_7)
FN:53,(anonymous_8)
FN:56,(anonymous_9)
FN:57,(anonymous_10)
FN:61,(anonymous_11)
FN:69,(anonymous_12)
FN:70,(anonymous_13)
FN:74,(anonymous_14)
FN:78,(anonymous_15)
FN:120,(anonymous_16)
FN:154,(anonymous_17)
FN:165,(anonymous_18)
FN:179,(anonymous_19)
FNF:20
FNH:10
FNDA:6,App
FNDA:5,(anonymous_1)
FNDA:4,(anonymous_2)
FNDA:1,(anonymous_3)
FNDA:1,(anonymous_4)
FNDA:2,(anonymous_5)
FNDA:1,(anonymous_6)
FNDA:1,(anonymous_7)
FNDA:0,(anonymous_8)
FNDA:0,(anonymous_9)
FNDA:0,(anonymous_10)
FNDA:0,(anonymous_11)
FNDA:0,(anonymous_12)
FNDA:0,(anonymous_13)
FNDA:0,(anonymous_14)
FNDA:0,(anonymous_15)
FNDA:1,(anonymous_16)
FNDA:1,(anonymous_17)
FNDA:0,(anonymous_18)
FNDA:0,(anonymous_19)
DA:4,1
DA:5,1
DA:10,6
DA:12,6
DA:14,6
DA:17,6
DA:18,5
DA:19,5
DA:29,6
DA:30,4
DA:31,3
DA:32,1
DA:33,1
DA:37,6
DA:38,2
DA:39,1
DA:40,1
DA:46,1
DA:47,1
DA:48,1
DA:49,1
DA:53,6
DA:54,0
DA:55,0
DA:56,0
DA:57,0
DA:61,6
DA:62,0
DA:63,0
DA:68,0
DA:69,0
DA:70,0
DA:73,6
DA:74,1
DA:78,5
DA:79,0
DA:80,0
DA:83,5
DA:120,1
DA:155,1
DA:165,0
DA:179,0
LF:42
LH:29
BRDA:17,0,0,4
BRDA:22,1,0,5
BRDA:22,1,1,4
BRDA:23,2,0,5
BRDA:23,2,1,0
BRDA:30,3,0,1
BRDA:30,3,1,3
BRDA:38,4,0,1
BRDA:38,4,1,1
BRDA:73,5,0,1
BRDA:73,5,1,5
BRDA:149,6,0,4
BRDA:149,6,1,1
BRDA:158,7,0,0
BRDA:158,7,1,1
BRDA:167,8,0,0
BRDA:167,8,1,1
BRDA:168,9,0,0
BRDA:168,9,1,1
BRDA:174,10,0,0
BRDA:174,10,1,1
BRF:21
BRH:16
end_of_record
